<?xml version="1.0" encoding="UTF-8"?>
<!-- Generated by org.testng.reporters.JUnitXMLReporter -->
<testsuite ignored="0" hostname="Mosscow.local" failures="0" tests="6" name="Test" time="31.424" errors="0" timestamp="05 May 2022 15:56:01 GMT">
  <testcase classname="com.techpanda.account.Level_3_Design_Pattern" name="TC_01_Login_Empty_Data" time="2.305"/>
  <testcase classname="com.techpanda.account.Level_3_Design_Pattern" name="TC_02_Invalid_Email" time="2.666"/>
  <testcase classname="com.techpanda.account.Level_3_Design_Pattern" name="TC_03_Invalid_Password" time="1.76"/>
  <testcase classname="com.techpanda.account.Level_3_Design_Pattern" name="TC_04_Incorrect_Email_Password" time="2.901"/>
  <testcase classname="com.techpanda.account.Level_3_Design_Pattern" name="TC_05_Create_New_Account" time="11.033"/>
  <testcase classname="com.techpanda.account.Level_3_Design_Pattern" name="TC_06_Login_Valid_Password" time="3.194"/>
</testsuite> <!-- Test -->
