<?xml version="1.0" encoding="UTF-8"?>
<!-- Generated by org.testng.reporters.JUnitXMLReporter -->
<testsuite ignored="0" hostname="Mosscow.local" failures="0" tests="7" name="Test" time="35.473" errors="0" timestamp="08 May 2022 06:26:17 GMT">
  <testcase classname="com.techpanda.account.Level_3_Design_Pattern" name="TC_01_Login_Empty_Data" time="2.337"/>
  <testcase classname="com.techpanda.account.Level_3_Design_Pattern" name="TC_02_Login_With_Invalid_Email" time="2.555"/>
  <testcase classname="com.techpanda.account.Level_3_Design_Pattern" name="TC_03_Login_With_Invalid_Password" time="1.877"/>
  <testcase classname="com.techpanda.account.Level_3_Design_Pattern" name="TC_04_Create_New_Account" time="11.282"/>
  <testcase classname="com.techpanda.account.Level_3_Design_Pattern" name="TC_05_Login_With_Incorrect_Email" time="3.386"/>
  <testcase classname="com.techpanda.account.Level_3_Design_Pattern" name="TC_06_Login_With_Incorrect_Password" time="3.267"/>
  <testcase classname="com.techpanda.account.Level_3_Design_Pattern" name="TC_07_Login_Valid_Password" time="2.595"/>
</testsuite> <!-- Test -->
