<?xml version="1.0" encoding="UTF-8"?>
<testsuite name="RUN ON FIREFOX"
           tests="8"
           failures="0"
           errors="0"
           skipped="0"
           time="41.239">
  <properties />
  
  
            <testcase name="TC_04_Create_New_Account" time="12.478" classname="com.techpanda.account.Level_14_Assert_Verify" />
                <testcase name="TC_02_Login_With_Invalid_Email" time="2.269" classname="com.techpanda.account.Level_14_Assert_Verify" />
                <testcase name="TC_03_Login_With_Invalid_Password" time="2.403" classname="com.techpanda.account.Level_14_Assert_Verify" />
                <testcase name="TC_06_Login_With_Incorrect_Password" time="3.695" classname="com.techpanda.account.Level_14_Assert_Verify" />
                <testcase name="TC_01_Login_Empty_Data" time="2.456" classname="com.techpanda.account.Level_14_Assert_Verify" />
                <testcase name="TC_05_Login_With_Incorrect_Email" time="3.483" classname="com.techpanda.account.Level_14_Assert_Verify" />
                <testcase name="TC_07_Login_Valid_Password" time="9.055" classname="com.techpanda.account.Level_14_Assert_Verify" />
                <testcase name="TC_08_Edit_Information" time="5.400" classname="com.techpanda.account.Level_14_Assert_Verify" />
      
</testsuite>
