<?xml version="1.0" encoding="UTF-8"?>
<testng-results ignored="0" total="1" passed="1" failed="0" skipped="0">
  <reporter-output>
  </reporter-output>
  <suite started-at="2022-06-27T14:48:13Z" name="Tech panda" finished-at="2022-06-27T14:48:30Z" duration-ms="16950">
    <groups>
    </groups>
    <test started-at="2022-06-27T14:48:13Z" name="Run on Chrome" finished-at="2022-06-27T14:48:30Z" duration-ms="16950">
      <class name="com.jquery.datatable.Level_11_Data_Table_Part_II">
        <test-method is-config="true" signature="beforeClass(java.lang.String, java.lang.String)[pri:0, instance:com.jquery.datatable.Level_11_Data_Table_Part_II@4e50c791]" started-at="2022-06-27T14:48:13Z" name="beforeClass" finished-at="2022-06-27T14:48:20Z" duration-ms="7066" status="PASS">
          <params>
            <param index="0">
              <value>
                <![CDATA[chrome]]>
              </value>
            </param>
            <param index="1">
              <value>
                <![CDATA[https://www.jqueryscript.net/demo/jQuery-Dynamic-Data-Grid-Plugin-appendGrid/]]>
              </value>
            </param>
          </params>
          <reporter-output>
          </reporter-output>
        </test-method> <!-- beforeClass -->
        <test-method signature="TC_01()[pri:0, instance:com.jquery.datatable.Level_11_Data_Table_Part_II@4e50c791]" started-at="2022-06-27T14:48:20Z" name="TC_01" finished-at="2022-06-27T14:48:30Z" duration-ms="9770" status="PASS">
          <reporter-output>
          </reporter-output>
        </test-method> <!-- TC_01 -->
        <test-method is-config="true" signature="afterClass()[pri:0, instance:com.jquery.datatable.Level_11_Data_Table_Part_II@4e50c791]" started-at="2022-06-27T14:48:30Z" name="afterClass" finished-at="2022-06-27T14:48:30Z" duration-ms="82" status="PASS">
          <reporter-output>
          </reporter-output>
        </test-method> <!-- afterClass -->
      </class> <!-- com.jquery.datatable.Level_11_Data_Table_Part_II -->
    </test> <!-- Run on Chrome -->
  </suite> <!-- Tech panda -->
</testng-results>
