<?xml version="1.0" encoding="UTF-8"?>
<testng-results ignored="0" total="21" passed="21" failed="0" skipped="0">
  <reporter-output>
  </reporter-output>
  <suite started-at="2022-05-18T16:21:15Z" name="Tech panda" finished-at="2022-05-18T16:23:15Z" duration-ms="119852">
    <groups>
    </groups>
    <test started-at="2022-05-18T16:21:15Z" name="Run on Firefox" finished-at="2022-05-18T16:21:50Z" duration-ms="35605">
      <class name="com.techpanda.account.Level_04_Multiple_Browser">
        <test-method is-config="true" signature="beforeClass(java.lang.String)[pri:0, instance:com.techpanda.account.Level_04_Multiple_Browser@1757cd72]" started-at="2022-05-18T16:21:15Z" name="beforeClass" finished-at="2022-05-18T16:21:27Z" duration-ms="11854" status="PASS">
          <params>
            <param index="0">
              <value>
                <![CDATA[firefox]]>
              </value>
            </param>
          </params>
          <reporter-output>
          </reporter-output>
        </test-method> <!-- beforeClass -->
        <test-method signature="TC_01_Login_Empty_Data()[pri:0, instance:com.techpanda.account.Level_04_Multiple_Browser@1757cd72]" started-at="2022-05-18T16:21:27Z" name="TC_01_Login_Empty_Data" finished-at="2022-05-18T16:21:28Z" duration-ms="1671" status="PASS">
          <reporter-output>
          </reporter-output>
        </test-method> <!-- TC_01_Login_Empty_Data -->
        <test-method signature="TC_02_Login_With_Invalid_Email()[pri:0, instance:com.techpanda.account.Level_04_Multiple_Browser@1757cd72]" started-at="2022-05-18T16:21:28Z" name="TC_02_Login_With_Invalid_Email" finished-at="2022-05-18T16:21:30Z" duration-ms="1819" status="PASS">
          <reporter-output>
          </reporter-output>
        </test-method> <!-- TC_02_Login_With_Invalid_Email -->
        <test-method signature="TC_03_Login_With_Invalid_Password()[pri:0, instance:com.techpanda.account.Level_04_Multiple_Browser@1757cd72]" started-at="2022-05-18T16:21:30Z" name="TC_03_Login_With_Invalid_Password" finished-at="2022-05-18T16:21:32Z" duration-ms="1581" status="PASS">
          <reporter-output>
          </reporter-output>
        </test-method> <!-- TC_03_Login_With_Invalid_Password -->
        <test-method signature="TC_04_Create_New_Account()[pri:0, instance:com.techpanda.account.Level_04_Multiple_Browser@1757cd72]" started-at="2022-05-18T16:21:32Z" name="TC_04_Create_New_Account" finished-at="2022-05-18T16:21:42Z" duration-ms="10468" status="PASS">
          <reporter-output>
          </reporter-output>
        </test-method> <!-- TC_04_Create_New_Account -->
        <test-method signature="TC_05_Login_With_Incorrect_Email()[pri:0, instance:com.techpanda.account.Level_04_Multiple_Browser@1757cd72]" started-at="2022-05-18T16:21:42Z" name="TC_05_Login_With_Incorrect_Email" finished-at="2022-05-18T16:21:45Z" duration-ms="2594" status="PASS">
          <reporter-output>
          </reporter-output>
        </test-method> <!-- TC_05_Login_With_Incorrect_Email -->
        <test-method signature="TC_06_Login_With_Incorrect_Password()[pri:0, instance:com.techpanda.account.Level_04_Multiple_Browser@1757cd72]" started-at="2022-05-18T16:21:45Z" name="TC_06_Login_With_Incorrect_Password" finished-at="2022-05-18T16:21:47Z" duration-ms="2578" status="PASS">
          <reporter-output>
          </reporter-output>
        </test-method> <!-- TC_06_Login_With_Incorrect_Password -->
        <test-method signature="TC_07_Login_Valid_Password()[pri:0, instance:com.techpanda.account.Level_04_Multiple_Browser@1757cd72]" started-at="2022-05-18T16:21:47Z" name="TC_07_Login_Valid_Password" finished-at="2022-05-18T16:21:50Z" duration-ms="2419" status="PASS">
          <reporter-output>
          </reporter-output>
        </test-method> <!-- TC_07_Login_Valid_Password -->
        <test-method is-config="true" signature="afterClass()[pri:0, instance:com.techpanda.account.Level_04_Multiple_Browser@1757cd72]" started-at="2022-05-18T16:21:50Z" name="afterClass" finished-at="2022-05-18T16:21:50Z" duration-ms="580" status="PASS">
          <reporter-output>
          </reporter-output>
        </test-method> <!-- afterClass -->
      </class> <!-- com.techpanda.account.Level_04_Multiple_Browser -->
    </test> <!-- Run on Firefox -->
    <test started-at="2022-05-18T16:21:50Z" name="Run on Chrome" finished-at="2022-05-18T16:22:28Z" duration-ms="37197">
      <class name="com.techpanda.account.Level_04_Multiple_Browser">
        <test-method is-config="true" signature="beforeClass(java.lang.String)[pri:0, instance:com.techpanda.account.Level_04_Multiple_Browser@a1cdc6d]" started-at="2022-05-18T16:21:50Z" name="beforeClass" finished-at="2022-05-18T16:22:01Z" duration-ms="10116" status="PASS">
          <params>
            <param index="0">
              <value>
                <![CDATA[chrome]]>
              </value>
            </param>
          </params>
          <reporter-output>
          </reporter-output>
        </test-method> <!-- beforeClass -->
        <test-method signature="TC_01_Login_Empty_Data()[pri:0, instance:com.techpanda.account.Level_04_Multiple_Browser@a1cdc6d]" started-at="2022-05-18T16:22:01Z" name="TC_01_Login_Empty_Data" finished-at="2022-05-18T16:22:03Z" duration-ms="2076" status="PASS">
          <reporter-output>
          </reporter-output>
        </test-method> <!-- TC_01_Login_Empty_Data -->
        <test-method signature="TC_02_Login_With_Invalid_Email()[pri:0, instance:com.techpanda.account.Level_04_Multiple_Browser@a1cdc6d]" started-at="2022-05-18T16:22:03Z" name="TC_02_Login_With_Invalid_Email" finished-at="2022-05-18T16:22:05Z" duration-ms="2484" status="PASS">
          <reporter-output>
          </reporter-output>
        </test-method> <!-- TC_02_Login_With_Invalid_Email -->
        <test-method signature="TC_03_Login_With_Invalid_Password()[pri:0, instance:com.techpanda.account.Level_04_Multiple_Browser@a1cdc6d]" started-at="2022-05-18T16:22:05Z" name="TC_03_Login_With_Invalid_Password" finished-at="2022-05-18T16:22:07Z" duration-ms="1853" status="PASS">
          <reporter-output>
          </reporter-output>
        </test-method> <!-- TC_03_Login_With_Invalid_Password -->
        <test-method signature="TC_04_Create_New_Account()[pri:0, instance:com.techpanda.account.Level_04_Multiple_Browser@a1cdc6d]" started-at="2022-05-18T16:22:07Z" name="TC_04_Create_New_Account" finished-at="2022-05-18T16:22:18Z" duration-ms="11058" status="PASS">
          <reporter-output>
          </reporter-output>
        </test-method> <!-- TC_04_Create_New_Account -->
        <test-method signature="TC_05_Login_With_Incorrect_Email()[pri:0, instance:com.techpanda.account.Level_04_Multiple_Browser@a1cdc6d]" started-at="2022-05-18T16:22:18Z" name="TC_05_Login_With_Incorrect_Email" finished-at="2022-05-18T16:22:21Z" duration-ms="3174" status="PASS">
          <reporter-output>
          </reporter-output>
        </test-method> <!-- TC_05_Login_With_Incorrect_Email -->
        <test-method signature="TC_06_Login_With_Incorrect_Password()[pri:0, instance:com.techpanda.account.Level_04_Multiple_Browser@a1cdc6d]" started-at="2022-05-18T16:22:21Z" name="TC_06_Login_With_Incorrect_Password" finished-at="2022-05-18T16:22:24Z" duration-ms="3268" status="PASS">
          <reporter-output>
          </reporter-output>
        </test-method> <!-- TC_06_Login_With_Incorrect_Password -->
        <test-method signature="TC_07_Login_Valid_Password()[pri:0, instance:com.techpanda.account.Level_04_Multiple_Browser@a1cdc6d]" started-at="2022-05-18T16:22:24Z" name="TC_07_Login_Valid_Password" finished-at="2022-05-18T16:22:27Z" duration-ms="3059" status="PASS">
          <reporter-output>
          </reporter-output>
        </test-method> <!-- TC_07_Login_Valid_Password -->
        <test-method is-config="true" signature="afterClass()[pri:0, instance:com.techpanda.account.Level_04_Multiple_Browser@a1cdc6d]" started-at="2022-05-18T16:22:27Z" name="afterClass" finished-at="2022-05-18T16:22:28Z" duration-ms="90" status="PASS">
          <reporter-output>
          </reporter-output>
        </test-method> <!-- afterClass -->
      </class> <!-- com.techpanda.account.Level_04_Multiple_Browser -->
    </test> <!-- Run on Chrome -->
    <test started-at="2022-05-18T16:22:28Z" name="Run on Edge" finished-at="2022-05-18T16:23:15Z" duration-ms="46962">
      <class name="com.techpanda.account.Level_04_Multiple_Browser">
        <test-method is-config="true" signature="beforeClass(java.lang.String)[pri:0, instance:com.techpanda.account.Level_04_Multiple_Browser@5609159b]" started-at="2022-05-18T16:22:28Z" name="beforeClass" finished-at="2022-05-18T16:22:42Z" duration-ms="14545" status="PASS">
          <params>
            <param index="0">
              <value>
                <![CDATA[edge]]>
              </value>
            </param>
          </params>
          <reporter-output>
          </reporter-output>
        </test-method> <!-- beforeClass -->
        <test-method signature="TC_01_Login_Empty_Data()[pri:0, instance:com.techpanda.account.Level_04_Multiple_Browser@5609159b]" started-at="2022-05-18T16:22:42Z" name="TC_01_Login_Empty_Data" finished-at="2022-05-18T16:22:44Z" duration-ms="2313" status="PASS">
          <reporter-output>
          </reporter-output>
        </test-method> <!-- TC_01_Login_Empty_Data -->
        <test-method signature="TC_02_Login_With_Invalid_Email()[pri:0, instance:com.techpanda.account.Level_04_Multiple_Browser@5609159b]" started-at="2022-05-18T16:22:44Z" name="TC_02_Login_With_Invalid_Email" finished-at="2022-05-18T16:22:47Z" duration-ms="2746" status="PASS">
          <reporter-output>
          </reporter-output>
        </test-method> <!-- TC_02_Login_With_Invalid_Email -->
        <test-method signature="TC_03_Login_With_Invalid_Password()[pri:0, instance:com.techpanda.account.Level_04_Multiple_Browser@5609159b]" started-at="2022-05-18T16:22:47Z" name="TC_03_Login_With_Invalid_Password" finished-at="2022-05-18T16:22:49Z" duration-ms="1794" status="PASS">
          <reporter-output>
          </reporter-output>
        </test-method> <!-- TC_03_Login_With_Invalid_Password -->
        <test-method signature="TC_04_Create_New_Account()[pri:0, instance:com.techpanda.account.Level_04_Multiple_Browser@5609159b]" started-at="2022-05-18T16:22:49Z" name="TC_04_Create_New_Account" finished-at="2022-05-18T16:23:00Z" duration-ms="10605" status="PASS">
          <reporter-output>
          </reporter-output>
        </test-method> <!-- TC_04_Create_New_Account -->
        <test-method signature="TC_05_Login_With_Incorrect_Email()[pri:0, instance:com.techpanda.account.Level_04_Multiple_Browser@5609159b]" started-at="2022-05-18T16:23:00Z" name="TC_05_Login_With_Incorrect_Email" finished-at="2022-05-18T16:23:03Z" duration-ms="3429" status="PASS">
          <reporter-output>
          </reporter-output>
        </test-method> <!-- TC_05_Login_With_Incorrect_Email -->
        <test-method signature="TC_06_Login_With_Incorrect_Password()[pri:0, instance:com.techpanda.account.Level_04_Multiple_Browser@5609159b]" started-at="2022-05-18T16:23:03Z" name="TC_06_Login_With_Incorrect_Password" finished-at="2022-05-18T16:23:06Z" duration-ms="3196" status="PASS">
          <reporter-output>
          </reporter-output>
        </test-method> <!-- TC_06_Login_With_Incorrect_Password -->
        <test-method signature="TC_07_Login_Valid_Password()[pri:0, instance:com.techpanda.account.Level_04_Multiple_Browser@5609159b]" started-at="2022-05-18T16:23:06Z" name="TC_07_Login_Valid_Password" finished-at="2022-05-18T16:23:14Z" duration-ms="8137" status="PASS">
          <reporter-output>
          </reporter-output>
        </test-method> <!-- TC_07_Login_Valid_Password -->
        <test-method is-config="true" signature="afterClass()[pri:0, instance:com.techpanda.account.Level_04_Multiple_Browser@5609159b]" started-at="2022-05-18T16:23:14Z" name="afterClass" finished-at="2022-05-18T16:23:15Z" duration-ms="182" status="PASS">
          <reporter-output>
          </reporter-output>
        </test-method> <!-- afterClass -->
      </class> <!-- com.techpanda.account.Level_04_Multiple_Browser -->
    </test> <!-- Run on Edge -->
  </suite> <!-- Tech panda -->
</testng-results>
