<?xml version="1.0" encoding="UTF-8"?>
<!-- Generated by org.testng.reporters.JUnitXMLReporter -->
<testsuite ignored="0" hostname="Mosscow.local" failures="0" tests="7" name="Run on Edge" time="37.119" errors="0" timestamp="19 May 2022 16:20:20 GMT">
  <testcase classname="com.techpanda.account.Level_04_Multiple_Browser" name="TC_01_Login_Empty_Data" time="2.004"/>
  <testcase classname="com.techpanda.account.Level_04_Multiple_Browser" name="TC_02_Login_With_Invalid_Email" time="2.585"/>
  <testcase classname="com.techpanda.account.Level_04_Multiple_Browser" name="TC_03_Login_With_Invalid_Password" time="1.859"/>
  <testcase classname="com.techpanda.account.Level_04_Multiple_Browser" name="TC_04_Create_New_Account" time="13.642"/>
  <testcase classname="com.techpanda.account.Level_04_Multiple_Browser" name="TC_05_Login_With_Incorrect_Email" time="3.016"/>
  <testcase classname="com.techpanda.account.Level_04_Multiple_Browser" name="TC_06_Login_With_Incorrect_Password" time="3.611"/>
  <testcase classname="com.techpanda.account.Level_04_Multiple_Browser" name="TC_07_Login_Valid_Password" time="3.6"/>
</testsuite> <!-- Run on Edge -->
