<?xml version="1.0" encoding="UTF-8"?>
<!-- Generated by org.testng.reporters.JUnitXMLReporter -->
<testsuite ignored="0" hostname="Mosscow.local" failures="0" tests="6" name="Run on Firefox" time="28.517" errors="0" timestamp="27 May 2022 13:08:45 GMT">
  <testcase classname="com.techpanda.account.Level_03_Design_Pattern_Part_II" name="TC_01_Login_Empty_Data" time="1.653"/>
  <testcase classname="com.techpanda.account.Level_03_Design_Pattern_Part_II" name="TC_02_Invalid_Email" time="1.548"/>
  <testcase classname="com.techpanda.account.Level_03_Design_Pattern_Part_II" name="TC_03_Invalid_Password" time="1.502"/>
  <testcase classname="com.techpanda.account.Level_03_Design_Pattern_Part_II" name="TC_04_Incorrect_Email_Password" time="2.556"/>
  <testcase classname="com.techpanda.account.Level_03_Design_Pattern_Part_II" name="TC_05_Create_New_Account" time="10.636"/>
  <testcase classname="com.techpanda.account.Level_03_Design_Pattern_Part_II" name="TC_06_Login_Valid_Password" time="2.56"/>
</testsuite> <!-- Run on Firefox -->
