<?xml version="1.0" encoding="UTF-8"?>
<!-- Generated by org.testng.reporters.JUnitXMLReporter -->
<testsuite ignored="0" hostname="Mosscow.local" failures="0" tests="7" name="Run on Firefox" time="38.309" errors="0" timestamp="19 May 2022 16:19:05 GMT">
  <testcase classname="com.techpanda.account.Level_04_Multiple_Browser" name="TC_01_Login_Empty_Data" time="2.728"/>
  <testcase classname="com.techpanda.account.Level_04_Multiple_Browser" name="TC_02_Login_With_Invalid_Email" time="2.505"/>
  <testcase classname="com.techpanda.account.Level_04_Multiple_Browser" name="TC_03_Login_With_Invalid_Password" time="2.031"/>
  <testcase classname="com.techpanda.account.Level_04_Multiple_Browser" name="TC_04_Create_New_Account" time="11.498"/>
  <testcase classname="com.techpanda.account.Level_04_Multiple_Browser" name="TC_05_Login_With_Incorrect_Email" time="2.788"/>
  <testcase classname="com.techpanda.account.Level_04_Multiple_Browser" name="TC_06_Login_With_Incorrect_Password" time="3.258"/>
  <testcase classname="com.techpanda.account.Level_04_Multiple_Browser" name="TC_07_Login_Valid_Password" time="3.132"/>
</testsuite> <!-- Run on Firefox -->
