<?xml version="1.0" encoding="UTF-8"?>
<!-- Generated by org.testng.reporters.JUnitXMLReporter -->
<testsuite ignored="0" hostname="Mosscow.local" failures="0" tests="6" name="Run on Edge" time="41.657" errors="0" timestamp="27 May 2022 13:10:19 GMT">
  <testcase classname="com.techpanda.account.Level_03_Design_Pattern_Part_II" name="TC_01_Login_Empty_Data" time="5.054"/>
  <testcase classname="com.techpanda.account.Level_03_Design_Pattern_Part_II" name="TC_02_Invalid_Email" time="4.791"/>
  <testcase classname="com.techpanda.account.Level_03_Design_Pattern_Part_II" name="TC_03_Invalid_Password" time="3.408"/>
  <testcase classname="com.techpanda.account.Level_03_Design_Pattern_Part_II" name="TC_04_Incorrect_Email_Password" time="3.484"/>
  <testcase classname="com.techpanda.account.Level_03_Design_Pattern_Part_II" name="TC_05_Create_New_Account" time="11.493"/>
  <testcase classname="com.techpanda.account.Level_03_Design_Pattern_Part_II" name="TC_06_Login_Valid_Password" time="3.553"/>
</testsuite> <!-- Run on Edge -->
