<?xml version="1.0" encoding="UTF-8"?>
<!-- Generated by org.testng.reporters.JUnitXMLReporter -->
<testsuite ignored="0" hostname="Mosscow.local" failures="0" tests="6" name="Run on Chrome" time="43.033" errors="0" timestamp="20 Jun 2022 00:46:44 GMT">
  <testcase classname="com.techpanda.account.Level_09_Dynamic_Locator_I" name="TC_01_Login_Valid_Password" time="3.582"/>
  <testcase classname="com.techpanda.account.Level_09_Dynamic_Locator_I" name="TC_02_Page_Navigation" time="7.409"/>
  <testcase classname="com.techpanda.account.Level_09_Dynamic_Locator_I" name="TC_03_Footer_Page_Navigation" time="2.601"/>
  <testcase classname="com.techpanda.account.Level_09_Dynamic_Locator_II" name="TC_01_Login_Valid_Password" time="3.553"/>
  <testcase classname="com.techpanda.account.Level_09_Dynamic_Locator_II" name="TC_02_Page_Navigation" time="9.344"/>
  <testcase classname="com.techpanda.account.Level_09_Dynamic_Locator_II" name="TC_03_Footer_Page_Navigation" time="3.928"/>
</testsuite> <!-- Run on Chrome -->
