<?xml version="1.0" encoding="UTF-8"?>
<!-- Generated by org.testng.reporters.JUnitXMLReporter -->
<testsuite ignored="0" hostname="Mosscow.local" failures="0" tests="2" name="Run on Chrome" time="22.092" errors="0" timestamp="06 Jun 2022 16:56:33 GMT">
  <testcase classname="com.techpanda.account.Level_06_Switch_Page" name="TC_07_Login_Valid_Password" time="6.364"/>
  <testcase classname="com.techpanda.account.Level_06_Switch_Page" name="TC_09_Page_Navigation" time="9.413"/>
</testsuite> <!-- Run on Chrome -->
